This is pdfTeX, Version 3.14159265-2.6-1.40.20 (TeX Live 2019/Debian) (preloaded format=pdflatex 2020.12.5)  30 MAY 2021 19:34
entering extended mode
 restricted \write18 enabled.
 %&-line parsing enabled.
**documento.tex
(./documento.tex
LaTeX2e <2020-02-02> patch level 2
L3 programming layer <2020-02-14>
(/usr/share/texlive/texmf-dist/tex/latex/base/report.cls
Document Class: report 2019/12/20 v1.4l Standard LaTeX document class
(/usr/share/texlive/texmf-dist/tex/latex/base/size10.clo
File: size10.clo 2019/12/20 v1.4l Standard LaTeX file (size option)
)
\c@part=\count167
\c@chapter=\count168
\c@section=\count169
\c@subsection=\count170
\c@subsubsection=\count171
\c@paragraph=\count172
\c@subparagraph=\count173
\c@figure=\count174
\c@table=\count175
\abovecaptionskip=\skip47
\belowcaptionskip=\skip48
\bibindent=\dimen134
)
(/usr/share/texlive/texmf-dist/tex/latex/base/fontenc.sty
Package: fontenc 2020/02/11 v2.0o Standard LaTeX package
)
(/usr/share/texlive/texmf-dist/tex/latex/base/inputenc.sty
Package: inputenc 2018/08/11 v1.3c Input encoding file
\inpenc@prehook=\toks14
\inpenc@posthook=\toks15
)
(/usr/share/texlive/texmf-dist/tex/latex/biblatex/biblatex.sty
Package: biblatex 2019/12/01 v3.14 programmable bibliographies (PK/MW)

(/usr/share/texlive/texmf-dist/tex/latex/pdftexcmds/pdftexcmds.sty
Package: pdftexcmds 2019/11/24 v0.31 Utility functions of pdfTeX for LuaTeX (HO
)

(/usr/share/texlive/texmf-dist/tex/generic/infwarerr/infwarerr.sty
Package: infwarerr 2019/12/03 v1.5 Providing info/warning/error messages (HO)
)
(/usr/share/texlive/texmf-dist/tex/generic/iftex/iftex.sty
Package: iftex 2019/11/07 v1.0c TeX engine tests
)
(/usr/share/texlive/texmf-dist/tex/generic/ltxcmds/ltxcmds.sty
Package: ltxcmds 2019/12/15 v1.24 LaTeX kernel commands for general use (HO)
)
Package pdftexcmds Info: \pdf@primitive is available.
Package pdftexcmds Info: \pdf@ifprimitive is available.
Package pdftexcmds Info: \pdfdraftmode found.
)
(/usr/share/texlive/texmf-dist/tex/latex/etoolbox/etoolbox.sty
Package: etoolbox 2019/09/21 v2.5h e-TeX tools for LaTeX (JAW)
\etb@tempcnta=\count176
)
(/usr/share/texlive/texmf-dist/tex/latex/graphics/keyval.sty
Package: keyval 2014/10/28 v1.15 key=value parser (DPC)
\KV@toks@=\toks16
)
(/usr/share/texlive/texmf-dist/tex/latex/kvoptions/kvoptions.sty
Package: kvoptions 2019/11/29 v3.13 Key value format for package options (HO)

(/usr/share/texlive/texmf-dist/tex/generic/kvsetkeys/kvsetkeys.sty
Package: kvsetkeys 2019/12/15 v1.18 Key value parser (HO)
))
(/usr/share/texlive/texmf-dist/tex/latex/logreq/logreq.sty
Package: logreq 2010/08/04 v1.0 xml request logger
\lrq@indent=\count177

(/usr/share/texlive/texmf-dist/tex/latex/logreq/logreq.def
File: logreq.def 2010/08/04 v1.0 logreq spec v1.0
))
(/usr/share/texlive/texmf-dist/tex/latex/base/ifthen.sty
Package: ifthen 2014/09/29 v1.1c Standard LaTeX ifthen package (DPC)
)
(/usr/share/texlive/texmf-dist/tex/latex/url/url.sty
\Urlmuskip=\muskip16
Package: url 2013/09/16  ver 3.4  Verb mode for urls, etc.
)
\c@tabx@nest=\count178
\c@listtotal=\count179
\c@listcount=\count180
\c@liststart=\count181
\c@liststop=\count182
\c@citecount=\count183
\c@citetotal=\count184
\c@multicitecount=\count185
\c@multicitetotal=\count186
\c@instcount=\count187
\c@maxnames=\count188
\c@minnames=\count189
\c@maxitems=\count190
\c@minitems=\count191
\c@citecounter=\count192
\c@maxcitecounter=\count193
\c@savedcitecounter=\count194
\c@uniquelist=\count195
\c@uniquename=\count196
\c@refsection=\count197
\c@refsegment=\count198
\c@maxextratitle=\count199
\c@maxextratitleyear=\count266
\c@maxextraname=\count267
\c@maxextradate=\count268
\c@maxextraalpha=\count269
\c@abbrvpenalty=\count270
\c@highnamepenalty=\count271
\c@lownamepenalty=\count272
\c@maxparens=\count273
\c@parenlevel=\count274
\blx@tempcnta=\count275
\blx@tempcntb=\count276
\blx@tempcntc=\count277
\blx@maxsection=\count278
\blx@maxsegment@0=\count279
\blx@notetype=\count280
\blx@parenlevel@text=\count281
\blx@parenlevel@foot=\count282
\blx@sectionciteorder@0=\count283
\blx@entrysetcounter=\count284
\labelnumberwidth=\skip49
\labelalphawidth=\skip50
\biblabelsep=\skip51
\bibitemsep=\skip52
\bibnamesep=\skip53
\bibinitsep=\skip54
\bibparsep=\skip55
\bibhang=\skip56
\blx@bcfin=\read2
\blx@bcfout=\write3
\blx@langwohyphens=\language6
\c@mincomprange=\count285
\c@maxcomprange=\count286
\c@mincompwidth=\count287
Package biblatex Info: Trying to load biblatex default data model...
Package biblatex Info: ... file 'blx-dm.def' found.

(/usr/share/texlive/texmf-dist/tex/latex/biblatex/blx-dm.def
File: blx-dm.def 2019/12/01 v3.14 biblatex localization (PK/MW)
)
Package biblatex Info: Trying to load biblatex style data model...
Package biblatex Info: ... file 'ieee.dbx' not found.
Package biblatex Info: Trying to load biblatex custom data model...
Package biblatex Info: ... file 'biblatex-dm.cfg' not found.
\c@afterword=\count288
\c@savedafterword=\count289
\c@annotator=\count290
\c@savedannotator=\count291
\c@author=\count292
\c@savedauthor=\count293
\c@bookauthor=\count294
\c@savedbookauthor=\count295
\c@commentator=\count296
\c@savedcommentator=\count297
\c@editor=\count298
\c@savededitor=\count299
\c@editora=\count300
\c@savededitora=\count301
\c@editorb=\count302
\c@savededitorb=\count303
\c@editorc=\count304
\c@savededitorc=\count305
\c@foreword=\count306
\c@savedforeword=\count307
\c@holder=\count308
\c@savedholder=\count309
\c@introduction=\count310
\c@savedintroduction=\count311
\c@namea=\count312
\c@savednamea=\count313
\c@nameb=\count314
\c@savednameb=\count315
\c@namec=\count316
\c@savednamec=\count317
\c@translator=\count318
\c@savedtranslator=\count319
\c@shortauthor=\count320
\c@savedshortauthor=\count321
\c@shorteditor=\count322
\c@savedshorteditor=\count323
\c@labelname=\count324
\c@savedlabelname=\count325
\c@institution=\count326
\c@savedinstitution=\count327
\c@lista=\count328
\c@savedlista=\count329
\c@listb=\count330
\c@savedlistb=\count331
\c@listc=\count332
\c@savedlistc=\count333
\c@listd=\count334
\c@savedlistd=\count335
\c@liste=\count336
\c@savedliste=\count337
\c@listf=\count338
\c@savedlistf=\count339
\c@location=\count340
\c@savedlocation=\count341
\c@organization=\count342
\c@savedorganization=\count343
\c@origlocation=\count344
\c@savedoriglocation=\count345
\c@origpublisher=\count346
\c@savedorigpublisher=\count347
\c@publisher=\count348
\c@savedpublisher=\count349
\c@language=\count350
\c@savedlanguage=\count351
\c@origlanguage=\count352
\c@savedoriglanguage=\count353
\c@pageref=\count354
\c@savedpageref=\count355
\shorthandwidth=\skip57
\shortjournalwidth=\skip58
\shortserieswidth=\skip59
\shorttitlewidth=\skip60
\shortauthorwidth=\skip61
\shorteditorwidth=\skip62
\locallabelnumberwidth=\skip63
\locallabelalphawidth=\skip64
\localshorthandwidth=\skip65
\localshortjournalwidth=\skip66
\localshortserieswidth=\skip67
\localshorttitlewidth=\skip68
\localshortauthorwidth=\skip69
\localshorteditorwidth=\skip70
Package biblatex Info: Trying to load compatibility code...
Package biblatex Info: ... file 'blx-compat.def' found.

(/usr/share/texlive/texmf-dist/tex/latex/biblatex/blx-compat.def
File: blx-compat.def 2019/12/01 v3.14 biblatex compatibility (PK/MW)
)
Package biblatex Info: Trying to load generic definitions...
Package biblatex Info: ... file 'biblatex.def' found.

(/usr/share/texlive/texmf-dist/tex/latex/biblatex/biblatex.def
File: biblatex.def 2019/12/01 v3.14 biblatex compatibility (PK/MW)
\c@textcitecount=\count356
\c@textcitetotal=\count357
\c@textcitemaxnames=\count358
\c@biburlbigbreakpenalty=\count359
\c@biburlbreakpenalty=\count360
\c@biburlnumpenalty=\count361
\c@biburlucpenalty=\count362
\c@biburllcpenalty=\count363
\biburlbigskip=\muskip17
\biburlnumskip=\muskip18
\biburlucskip=\muskip19
\biburllcskip=\muskip20
\c@smartand=\count364
)
Package biblatex Info: Trying to load bibliography style 'ieee'...
Package biblatex Info: ... file 'ieee.bbx' found.

(/usr/share/texlive/texmf-dist/tex/latex/biblatex-ieee/ieee.bbx
File: ieee.bbx 2019/06/19 v1.3a biblatex bibliography style
Package biblatex Info: Trying to load bibliography style 'numeric-comp'...
Package biblatex Info: ... file 'numeric-comp.bbx' found.

(/usr/share/texlive/texmf-dist/tex/latex/biblatex/bbx/numeric-comp.bbx
File: numeric-comp.bbx 2019/12/01 v3.14 biblatex bibliography style (PK/MW)
Package biblatex Info: Trying to load bibliography style 'numeric'...
Package biblatex Info: ... file 'numeric.bbx' found.

(/usr/share/texlive/texmf-dist/tex/latex/biblatex/bbx/numeric.bbx
File: numeric.bbx 2019/12/01 v3.14 biblatex bibliography style (PK/MW)
Package biblatex Info: Trying to load bibliography style 'standard'...
Package biblatex Info: ... file 'standard.bbx' found.

(/usr/share/texlive/texmf-dist/tex/latex/biblatex/bbx/standard.bbx
File: standard.bbx 2019/12/01 v3.14 biblatex bibliography style (PK/MW)
\c@bbx:relatedcount=\count365
\c@bbx:relatedtotal=\count366
))))
Package biblatex Info: Trying to load citation style 'ieee'...
Package biblatex Info: ... file 'ieee.cbx' found.

(/usr/share/texlive/texmf-dist/tex/latex/biblatex-ieee/ieee.cbx
File: ieee.cbx 2019/06/19 v1.3a biblatex citation style
Package biblatex Info: Trying to load citation style 'numeric-comp'...
Package biblatex Info: ... file 'numeric-comp.cbx' found.

(/usr/share/texlive/texmf-dist/tex/latex/biblatex/cbx/numeric-comp.cbx
File: numeric-comp.cbx 2019/12/01 v3.14 biblatex citation style (PK/MW)
\c@cbx@tempcnta=\count367
\c@cbx@tempcntb=\count368
Package biblatex Info: Redefining '\cite'.
Package biblatex Info: Redefining '\parencite'.
Package biblatex Info: Redefining '\footcite'.
Package biblatex Info: Redefining '\footcitetext'.
Package biblatex Info: Redefining '\smartcite'.
Package biblatex Info: Redefining '\supercite'.
Package biblatex Info: Redefining '\textcite'.
Package biblatex Info: Redefining '\textcites'.
Package biblatex Info: Redefining '\cites'.
Package biblatex Info: Redefining '\parencites'.
Package biblatex Info: Redefining '\smartcites'.
)
Package biblatex Info: Redefining '\cite'.
Package biblatex Info: Redefining '\cites'.
)
Package biblatex Info: Trying to load configuration file...
Package biblatex Info: ... file 'biblatex.cfg' found.

(/usr/share/texlive/texmf-dist/tex/latex/biblatex/biblatex.cfg
File: biblatex.cfg 
))
(/usr/share/texlive/texmf-dist/tex/latex/csquotes/csquotes.sty
Package: csquotes 2019-12-06 v5.2j context-sensitive quotations (JAW)
\csq@reset=\count369
\csq@gtype=\count370
\csq@glevel=\count371
\csq@qlevel=\count372
\csq@maxlvl=\count373
\csq@tshold=\count374
\csq@ltx@everypar=\toks17

(/usr/share/texlive/texmf-dist/tex/latex/csquotes/csquotes.def
File: csquotes.def 2019-12-06 v5.2j csquotes generic definitions (JAW)
)
Package csquotes Info: Trying to load configuration file 'csquotes.cfg'...
Package csquotes Info: ... configuration file loaded successfully.

(/usr/share/texlive/texmf-dist/tex/latex/csquotes/csquotes.cfg
File: csquotes.cfg 
))
(/usr/share/texlive/texmf-dist/tex/generic/babel/babel.sty
Package: babel 2020/02/14 3.40 The Babel package

(/usr/share/texlive/texmf-dist/tex/generic/babel/switch.def
File: switch.def 2020/02/14 3.40 Babel switching mechanism
)
(/usr/share/texlive/texmf-dist/tex/generic/babel-portuges/portuges.ldf
Language: portuges 2008/03/18 v1.2q Portuguese support from the babel system

(/usr/share/texlive/texmf-dist/tex/generic/babel/babel.def
File: babel.def 2020/02/14 3.40 Babel common definitions
\babel@savecnt=\count375
\U@D=\dimen135

(/usr/share/texlive/texmf-dist/tex/generic/babel/txtbabel.def)
\bbl@readstream=\read3
\bbl@dirlevel=\count376
)
Package babel Info: Making " an active character on input line 145.
))
(/usr/share/texlive/texmf-dist/tex/latex/blindtext/blindtext.sty
Package: blindtext 2012/01/06 V2.0 blindtext-Package

(/usr/share/texlive/texmf-dist/tex/latex/tools/xspace.sty
Package: xspace 2014/10/28 v1.13 Space after command names (DPC,MH)
)
\c@blindtext=\count377
\c@Blindtext=\count378
\c@blind@countparstart=\count379
\blind@countxx=\count380
\blindtext@numBlindtext=\count381
\blind@countyy=\count382
\c@blindlist=\count383
\c@blindlistlevel=\count384
\c@blindlist@level=\count385
\blind@listitem=\count386
\c@blind@listcount=\count387
\c@blind@levelcount=\count388
\blind@mathformula=\count389
\blind@Mathformula=\count390
\c@blind@randomcount=\count391
\c@blind@randommax=\count392
\c@blind@pangramcount=\count393
\c@blind@pangrammax=\count394
)
(/usr/share/texlive/texmf-dist/tex/latex/acronym/acronym.sty
Package: acronym 2019/11/11 v1.42 Support for acronyms (Tobias Oetiker)

(/usr/share/texlive/texmf-dist/tex/latex/bigfoot/suffix.sty
Package: suffix 2006/07/15 1.5a Variant command support
)
(/usr/share/texlive/texmf-dist/tex/generic/xstring/xstring.sty
(/usr/share/texlive/texmf-dist/tex/generic/xstring/xstring.tex
\integerpart=\count395
\decimalpart=\count396
)
Package: xstring 2019/02/06 v1.83 String manipulations (CT)
)
\AC@clearlist=\toks18
)
(/usr/share/texlive/texmf-dist/tex/latex/hyperref/hyperref.sty
Package: hyperref 2020/01/14 v7.00d Hypertext links for LaTeX

(/usr/share/texlive/texmf-dist/tex/generic/kvdefinekeys/kvdefinekeys.sty
Package: kvdefinekeys 2019-12-19 v1.6 Define keys (HO)
)
(/usr/share/texlive/texmf-dist/tex/generic/pdfescape/pdfescape.sty
Package: pdfescape 2019/12/09 v1.15 Implements pdfTeX's escape features (HO)
)
(/usr/share/texlive/texmf-dist/tex/latex/hycolor/hycolor.sty
Package: hycolor 2020-01-27 v1.10 Color options for hyperref/bookmark (HO)
)
(/usr/share/texlive/texmf-dist/tex/latex/letltxmacro/letltxmacro.sty
Package: letltxmacro 2019/12/03 v1.6 Let assignment for LaTeX macros (HO)
)
(/usr/share/texlive/texmf-dist/tex/latex/auxhook/auxhook.sty
Package: auxhook 2019-12-17 v1.6 Hooks for auxiliary files (HO)
)
\@linkdim=\dimen136
\Hy@linkcounter=\count397
\Hy@pagecounter=\count398

(/usr/share/texlive/texmf-dist/tex/latex/hyperref/pd1enc.def
File: pd1enc.def 2020/01/14 v7.00d Hyperref: PDFDocEncoding definition (HO)
Now handling font encoding PD1 ...
... no UTF-8 mapping file for font encoding PD1
)
(/usr/share/texlive/texmf-dist/tex/generic/intcalc/intcalc.sty
Package: intcalc 2019/12/15 v1.3 Expandable calculations with integers (HO)
)
(/usr/share/texlive/texmf-dist/tex/generic/etexcmds/etexcmds.sty
Package: etexcmds 2019/12/15 v1.7 Avoid name clashes with e-TeX commands (HO)
)
\Hy@SavedSpaceFactor=\count399
\pdfmajorversion=\count400
Package hyperref Info: Hyper figures OFF on input line 4547.
Package hyperref Info: Link nesting OFF on input line 4552.
Package hyperref Info: Hyper index ON on input line 4555.
Package hyperref Info: Plain pages OFF on input line 4562.
Package hyperref Info: Backreferencing OFF on input line 4567.
Package hyperref Info: Implicit mode ON; LaTeX internals redefined.
Package hyperref Info: Bookmarks ON on input line 4800.
\c@Hy@tempcnt=\count401
LaTeX Info: Redefining \url on input line 5159.
\XeTeXLinkMargin=\dimen137

(/usr/share/texlive/texmf-dist/tex/generic/bitset/bitset.sty
Package: bitset 2019/12/09 v1.3 Handle bit-vector datatype (HO)

(/usr/share/texlive/texmf-dist/tex/generic/bigintcalc/bigintcalc.sty
Package: bigintcalc 2019/12/15 v1.5 Expandable calculations on big integers (HO
)
))
\Fld@menulength=\count402
\Field@Width=\dimen138
\Fld@charsize=\dimen139
Package hyperref Info: Hyper figures OFF on input line 6430.
Package hyperref Info: Link nesting OFF on input line 6435.
Package hyperref Info: Hyper index ON on input line 6438.
Package hyperref Info: backreferencing OFF on input line 6445.
Package hyperref Info: Link coloring OFF on input line 6450.
Package hyperref Info: Link coloring with OCG OFF on input line 6455.
Package hyperref Info: PDF/A mode OFF on input line 6460.
LaTeX Info: Redefining \ref on input line 6500.
LaTeX Info: Redefining \pageref on input line 6504.

(/usr/share/texlive/texmf-dist/tex/generic/atbegshi/atbegshi.sty
Package: atbegshi 2019/12/05 v1.19 At begin shipout hook (HO)
)
\Hy@abspage=\count403
\c@Item=\count404
\c@Hfootnote=\count405
)
Package hyperref Info: Driver (autodetected): hpdftex.

(/usr/share/texlive/texmf-dist/tex/latex/hyperref/hpdftex.def
File: hpdftex.def 2020/01/14 v7.00d Hyperref driver for pdfTeX

(/usr/share/texlive/texmf-dist/tex/latex/atveryend/atveryend.sty
Package: atveryend 2019-12-11 v1.11 Hooks at the very end of document (HO)
)
\Fld@listcount=\count406
\c@bookmark@seq@number=\count407

(/usr/share/texlive/texmf-dist/tex/latex/rerunfilecheck/rerunfilecheck.sty
Package: rerunfilecheck 2019/12/05 v1.9 Rerun checks for auxiliary files (HO)

(/usr/share/texlive/texmf-dist/tex/generic/uniquecounter/uniquecounter.sty
Package: uniquecounter 2019/12/15 v1.4 Provide unlimited unique counter (HO)
)
Package uniquecounter Info: New unique counter `rerunfilecheck' on input line 2
86.
)
\Hy@SectionHShift=\skip71
)
(/usr/share/texlive/texmf-dist/tex/latex/graphics/graphicx.sty
Package: graphicx 2019/11/30 v1.2a Enhanced LaTeX Graphics (DPC,SPQR)

(/usr/share/texlive/texmf-dist/tex/latex/graphics/graphics.sty
Package: graphics 2019/11/30 v1.4a Standard LaTeX Graphics (DPC,SPQR)

(/usr/share/texlive/texmf-dist/tex/latex/graphics/trig.sty
Package: trig 2016/01/03 v1.10 sin cos tan (DPC)
)
(/usr/share/texlive/texmf-dist/tex/latex/graphics-cfg/graphics.cfg
File: graphics.cfg 2016/06/04 v1.11 sample graphics configuration
)
Package graphics Info: Driver file: pdftex.def on input line 105.

(/usr/share/texlive/texmf-dist/tex/latex/graphics-def/pdftex.def
File: pdftex.def 2018/01/08 v1.0l Graphics/color driver for pdftex
))
\Gin@req@height=\dimen140
\Gin@req@width=\dimen141
)
(/usr/share/texlive/texmf-dist/tex/latex/float/float.sty
Package: float 2001/11/08 v1.3d Float enhancements (AL)
\c@float@type=\count408
\float@exts=\toks19
\float@box=\box45
\@float@everytoks=\toks20
\@floatcapt=\box46
)
Package csquotes Info: Checking for multilingual support...
Package csquotes Info: ... found 'babel' package.
Package csquotes Info: Adjusting default style.
Package csquotes Info: Redefining alias 'default' -> 'portuguese'.

(/usr/share/texlive/texmf-dist/tex/latex/l3backend/l3backend-pdfmode.def
File: l3backend-pdfmode.def 2020-02-03 L3 backend support: PDF mode
\l__kernel_color_stack_int=\count409
\l__pdf_internal_box=\box47
)
(./documento.aux)
\openout1 = `documento.aux'.

LaTeX Font Info:    Checking defaults for OML/cmm/m/it on input line 16.
LaTeX Font Info:    ... okay on input line 16.
LaTeX Font Info:    Checking defaults for OMS/cmsy/m/n on input line 16.
LaTeX Font Info:    ... okay on input line 16.
LaTeX Font Info:    Checking defaults for OT1/cmr/m/n on input line 16.
LaTeX Font Info:    ... okay on input line 16.
LaTeX Font Info:    Checking defaults for T1/cmr/m/n on input line 16.
LaTeX Font Info:    ... okay on input line 16.
LaTeX Font Info:    Checking defaults for TS1/cmr/m/n on input line 16.
LaTeX Font Info:    ... okay on input line 16.
LaTeX Font Info:    Checking defaults for OMX/cmex/m/n on input line 16.
LaTeX Font Info:    ... okay on input line 16.
LaTeX Font Info:    Checking defaults for U/cmr/m/n on input line 16.
LaTeX Font Info:    ... okay on input line 16.
LaTeX Font Info:    Checking defaults for PD1/pdf/m/n on input line 16.
LaTeX Font Info:    ... okay on input line 16.
Package biblatex Info: Trying to load language 'portuguese'...
Package biblatex Info: ... file 'portuguese.lbx' found.

(/usr/share/texlive/texmf-dist/tex/latex/biblatex/lbx/portuguese.lbx
File: portuguese.lbx 2019/12/01 v3.14 biblatex localization (PK/MW)
)
Package biblatex Info: Input encoding 'utf8' detected.
Package biblatex Info: Automatic encoding selection.
(biblatex)             Assuming data encoding 'utf8'.
\openout3 = `documento.bcf'.

Package biblatex Info: Trying to load bibliographic data...
Package biblatex Info: ... file 'documento.bbl' not found.

No file documento.bbl.
Package biblatex Info: Reference section=0 on input line 16.
Package biblatex Info: Reference segment=0 on input line 16.
\AtBeginShipoutBox=\box48
Package hyperref Info: Link coloring OFF on input line 16.
(/usr/share/texlive/texmf-dist/tex/latex/hyperref/nameref.sty
Package: nameref 2019/09/16 v2.46 Cross-referencing by name of section

(/usr/share/texlive/texmf-dist/tex/latex/refcount/refcount.sty
Package: refcount 2019/12/15 v3.6 Data extraction from label references (HO)
)
(/usr/share/texlive/texmf-dist/tex/generic/gettitlestring/gettitlestring.sty
Package: gettitlestring 2019/12/15 v1.6 Cleanup title references (HO)
)
\c@section@level=\count410
)
LaTeX Info: Redefining \ref on input line 16.
LaTeX Info: Redefining \pageref on input line 16.
LaTeX Info: Redefining \nameref on input line 16.

(./documento.out) (./documento.out)
\@outlinefile=\write4
\openout4 = `documento.out'.


(/usr/share/texlive/texmf-dist/tex/context/base/mkii/supp-pdf.mkii
[Loading MPS to PDF converter (version 2006.09.02).]
\scratchcounter=\count411
\scratchdimen=\dimen142
\scratchbox=\box49
\nofMPsegments=\count412
\nofMParguments=\count413
\everyMPshowfont=\toks21
\MPscratchCnt=\count414
\MPscratchDim=\dimen143
\MPnumerator=\count415
\makeMPintoPDFobject=\count416
\everyMPtoPDFconversion=\toks22
) (/usr/share/texlive/texmf-dist/tex/latex/epstopdf-pkg/epstopdf-base.sty
Package: epstopdf-base 2020-01-24 v2.11 Base part for package epstopdf
Package epstopdf-base Info: Redefining graphics rule for `.eps' on input line 4
85.

(/usr/share/texlive/texmf-dist/tex/latex/latexconfig/epstopdf-sys.cfg
File: epstopdf-sys.cfg 2010/07/13 v1.3 Configuration of (r)epstopdf for TeX Liv
e
))
<ua.pdf, id=60, 52.195pt x 55.20625pt>
File: ua.pdf Graphic file (type pdf)
<use ua.pdf>
Package pdftex.def Info: ua.pdf  used on input line 52.
(pdftex.def)             Requested size: 52.19487pt x 55.2061pt.

[1

{/var/lib/texmf/fonts/map/pdftex/updmap/pdftex.map} <./ua.pdf>]
LaTeX Font Info:    External font `cmex10' loaded for size
(Font)              <12> on input line 77.
LaTeX Font Info:    External font `cmex10' loaded for size
(Font)              <8> on input line 77.
LaTeX Font Info:    External font `cmex10' loaded for size
(Font)              <6> on input line 77.

Overfull \hbox (9.73834pt too wide) in paragraph at lines 77--77
 [][] 
 []

pdfTeX warning (ext4): destination with the same identifier (name{page.1}) has 
been already used, duplicate ignored
<to be read again> 
                   \relax 
l.77 
      [1] [1] (./documento.toc
LaTeX Font Info:    External font `cmex10' loaded for size
(Font)              <7> on input line 8.
LaTeX Font Info:    External font `cmex10' loaded for size
(Font)              <5> on input line 8.
)
\tf@toc=\write5
\openout5 = `documento.toc'.

pdfTeX warning (ext4): destination with the same identifier (name{page.i}) has 
been already used, duplicate ignored
<to be read again> 
                   \relax 
l.91 \clearpage
                [1

]
Cap\'{\i }tulo 1.
pdfTeX warning (ext4): destination with the same identifier (name{page.1}) has 
been already used, duplicate ignored
<to be read again> 
                   \relax 
l.100 \chapter
              {Metodologia} [1


]
Cap\'{\i }tulo 2.

Overfull \hbox (1.43623pt too wide) in paragraph at lines 104--106
\T1/cmr/bx/n/10 ber-To-Com-pare\T1/cmr/m/n/10 , \T1/cmr/bx/n/10 new_client\T1/c
mr/m/n/10 , \T1/cmr/bx/n/10 clean_client\T1/cmr/m/n/10 , \T1/cmr/bx/n/10 quit_c
lient\T1/cmr/m/n/10 , \T1/cmr/bx/n/10 cre-ate_file\T1/cmr/m/n/10 , \T1/cmr/bx/n
/10 up-
 []

<create_file.png, id=106, 402.00188pt x 124.96687pt>
File: create_file.png Graphic file (type png)
<use create_file.png>
Package pdftex.def Info: create_file.png  used on input line 109.
(pdftex.def)             Requested size: 261.29811pt x 81.2275pt.
<dicionarioearray_server.png, id=108, 639.13782pt x 93.34875pt>
File: dicionarioearray_server.png Graphic file (type png)
<use dicionarioearray_server.png>
Package pdftex.def Info: dicionarioearray_server.png  used on input line 115.
(pdftex.def)             Requested size: 415.43466pt x 60.67595pt.

Overfull \hbox (70.43466pt too wide) in paragraph at lines 115--116
 [][] 
 []


Overfull \hbox (8.4137pt too wide) in paragraph at lines 112--117
\T1/cmr/m/n/10 No mo-mento em que o ser-vi-dor È ini-ci-a-li-zado È cha-mada a 
fun-Á„o "cre-ate_file"para
 []

[2

pdfTeX warning (ext4): destination with the same identifier (name{figure.2.1}) 
has been already used, duplicate ignored

\AtBegShi@Output ...ipout \box \AtBeginShipoutBox 
                                                  \fi \fi 
l.117 \end{figure}
                   <./create_file.png>]
<update_file.png, id=117, 516.42938pt x 188.95593pt>
File: update_file.png Graphic file (type png)
<use update_file.png>
Package pdftex.def Info: update_file.png  used on input line 122.
(pdftex.def)             Requested size: 335.67511pt x 122.81989pt.
<new_client.png, id=118, 578.16pt x 274.02374pt>
File: new_client.png Graphic file (type png)
<use new_client.png>
Package pdftex.def Info: new_client.png  used on input line 131.
(pdftex.def)             Requested size: 375.79955pt x 178.11331pt.

Overfull \hbox (30.79955pt too wide) in paragraph at lines 131--132
 [][] 
 []

[3pdfTeX warning (ext4): destination with the same identifier (name{figure.2.2}
) has been already used, duplicate ignored

\AtBegShi@Output ...ipout \box \AtBeginShipoutBox 
                                                  \fi \fi 
l.134 O
        jogo √© iniciado quando o servidor recebe uma mensagem do cliente co...
pdfTeX warning (ext4): destination with the same identifier (name{figure.2.3}) 
has been already used, duplicate ignored

\AtBegShi@Output ...ipout \box \AtBeginShipoutBox 
                                                  \fi \fi 
l.134 O
        jogo √© iniciado quando o servidor recebe uma mensagem do cliente co...
 <./dicionarioearray_server.png> <./update_file.png>]
<find_client_id.png, id=128, 306.39468pt x 87.32625pt>
File: find_client_id.png Graphic file (type png)
<use find_client_id.png>
Package pdftex.def Info: find_client_id.png  used on input line 141.
(pdftex.def)             Requested size: 199.15417pt x 56.76138pt.
 [4pdfTeX warning (ext4): destination with the same identifier (name{figure.2.4
}) has been already used, duplicate ignored

\AtBegShi@Output ...ipout \box \AtBeginShipoutBox 
                                                  \fi \fi 
l.150 
      pdfTeX warning (ext4): destination with the same identifier (name{figure.
2.5}) has been already used, duplicate ignored

\AtBegShi@Output ...ipout \box \AtBeginShipoutBox 
                                                  \fi \fi 
l.150 
       <./new_client.png> <./find_client_id.png>]
<new_msg.png, id=140, 289.83281pt x 191.9672pt>
File: new_msg.png Graphic file (type png)
<use new_msg.png>
Package pdftex.def Info: new_msg.png  used on input line 153.
(pdftex.def)             Requested size: 188.38908pt x 124.77719pt.
<guess_client.png, id=141, 546.54187pt x 310.91156pt>
File: guess_client.png Graphic file (type png)
<use guess_client.png>
Package pdftex.def Info: guess_client.png  used on input line 162.
(pdftex.def)             Requested size: 355.248pt x 202.0901pt.

Overfull \hbox (10.248pt too wide) in paragraph at lines 162--163
 [][] 
 []

[5pdfTeX warning (ext4): destination with the same identifier (name{figure.2.6}
) has been already used, duplicate ignored

\AtBegShi@Output ...ipout \box \AtBeginShipoutBox 
                                                  \fi \fi 
l.165 O
        utilizador deve introduzir o comando GUESS antes de inserir o seu pa...
 <./new_msg.png>]
<numberToCompare.png, id=148, 334.24875pt x 113.67468pt>
File: numberToCompare.png Graphic file (type png)
<use numberToCompare.png>
Package pdftex.def Info: numberToCompare.png  used on input line 172.
(pdftex.def)             Requested size: 217.25911pt x 73.88765pt.
 [6pdfTeX warning (ext4): destination with the same identifier (name{figure.2.7
}) has been already used, duplicate ignored

\AtBegShi@Output ...ipout \box \AtBeginShipoutBox 
                                                  \fi \fi 
l.179 \item S
             e o n√∫mero for maior que o segredo, o servidor envia uma mensa...
pdfTeX warning (ext4): destination with the same identifier (name{figure.2.8}) 
has been already used, duplicate ignored

\AtBegShi@Output ...ipout \box \AtBeginShipoutBox 
                                                  \fi \fi 
l.179 \item S
             e o n√∫mero for maior que o segredo, o servidor envia uma mensa...
 <./guess_client.png> <./numberToCompare.png>]
<quit_client.png, id=158, 557.08125pt x 179.92218pt>
File: quit_client.png Graphic file (type png)
<use quit_client.png>
Package pdftex.def Info: quit_client.png  used on input line 186.
(pdftex.def)             Requested size: 362.09853pt x 116.94803pt.

Overfull \hbox (17.09853pt too wide) in paragraph at lines 186--187
 [][] 
 []

<stop_client.png, id=159, 618.81187pt x 260.47313pt>
File: stop_client.png Graphic file (type png)
<use stop_client.png>
Package pdftex.def Info: stop_client.png  used on input line 197.
(pdftex.def)             Requested size: 402.22295pt x 169.30553pt.

Overfull \hbox (57.22295pt too wide) in paragraph at lines 197--198
 [][] 
 []

[7pdfTeX warning (ext4): destination with the same identifier (name{figure.2.9}
) has been already used, duplicate ignored

\AtBegShi@Output ...ipout \box \AtBeginShipoutBox 
                                                  \fi \fi 
l.200 Q
       uando um jogo √© terminado ou porque o jogador acertou no n√∫mero sec...
 <./quit_client.png>]
Overfull \hbox (21.16672pt too wide) in paragraph at lines 211--212
[]\T1/cmr/m/n/10 Elimina o cli-ente da lista de jo-ga-do-res ati-vos atra-vÈs d
a fun-Á„o "clean_client()". 
 []

<clean_client.png, id=166, 385.44pt x 215.30438pt>
File: clean_client.png Graphic file (type png)
<use clean_client.png>
Package pdftex.def Info: clean_client.png  used on input line 215.
(pdftex.def)             Requested size: 250.53302pt x 139.94618pt.
[8pdfTeX warning (ext4): destination with the same identifier (name{figure.2.10
}) has been already used, duplicate ignored

\AtBegShi@Output ...ipout \box \AtBeginShipoutBox 
                                                  \fi \fi 
l.218 E
       sta fun√ß√£o √© executada sempre que for necess√°rio excluir um clien...
 <./stop_client.png>]
<encrypt_intvalue.png, id=177, 380.17032pt x 155.07938pt>
File: encrypt_intvalue.png Graphic file (type png)
<use encrypt_intvalue.png>
Package pdftex.def Info: encrypt_intvalue.png  used on input line 226.
(pdftex.def)             Requested size: 247.10777pt x 100.80038pt.
 [9pdfTeX warning (ext4): destination with the same identifier (name{figure.2.1
1}) has been already used, duplicate ignored

\AtBegShi@Output ...ipout \box \AtBeginShipoutBox 
                                                  \fi \fi 
l.234 \item C
             odifica√ß√£o da string no formato Base64 com o intuito dos crip...
pdfTeX warning (ext4): destination with the same identifier (name{figure.2.12})
 has been already used, duplicate ignored

\AtBegShi@Output ...ipout \box \AtBeginShipoutBox 
                                                  \fi \fi 
l.234 \item C
             odifica√ß√£o da string no formato Base64 com o intuito dos crip...
 <./clean_client.png> <./encrypt_intvalue.png>]
<decrypt_intvalue.png, id=189, 312.41719pt x 180.675pt>
File: decrypt_intvalue.png Graphic file (type png)
<use decrypt_intvalue.png>
Package pdftex.def Info: decrypt_intvalue.png  used on input line 240.
(pdftex.def)             Requested size: 203.06876pt x 117.43735pt.
<serverMain.jpeg, id=190, 1579.9025pt x 712.6625pt>
File: serverMain.jpeg Graphic file (type jpg)
<use serverMain.jpeg>
Package pdftex.def Info: serverMain.jpeg  used on input line 254.
(pdftex.def)             Requested size: 315.9749pt x 142.52997pt.
 [10pdfTeX warning (ext4): destination with the same identifier (name{figure.2.
13}) has been already used, duplicate ignored

\AtBegShi@Output ...ipout \box \AtBeginShipoutBox 
                                                  \fi \fi 
l.257 
       <./decrypt_intvalue.png>]
Overfull \hbox (13.64078pt too wide) in paragraph at lines 260--261
[]\T1/cmr/m/n/10 Nas li-nhas 271-273 ve-ri-fi-car se o ser-vi-dor È ini-ci-ado 
com um ar-gu-mento(porto).
 []

<validateResponse.png, id=205, 547.04375pt x 220.825pt>
File: validateResponse.png Graphic file (type png)
<use validateResponse.png>
Package pdftex.def Info: validateResponse.png  used on input line 273.
(pdftex.def)             Requested size: 235.22421pt x 94.95288pt.
[11pdfTeX warning (ext4): destination with the same identifier (name{figure.2.1
4}) has been already used, duplicate ignored

\AtBegShi@Output ...ipout \box \AtBeginShipoutBox 
                                                  \fi \fi 
l.276 A
        resposta do servidor √© v√°lida quando √© do tipo " 'op' : xxxx, 'st...
 <./serverMain.jpeg>]
<runclient1.png, id=211, 524.96124pt x 224.84pt>
File: runclient1.png Graphic file (type png)
<use runclient1.png>
Package pdftex.def Info: runclient1.png  used on input line 281.
(pdftex.def)             Requested size: 225.72893pt x 96.6793pt.
 [12pdfTeX warning (ext4): destination with the same identifier (name{figure.2.
15}) has been already used, duplicate ignored

\AtBegShi@Output ...ipout \box \AtBeginShipoutBox 
                                                  \fi \fi 
l.291 \item l
             astAttempt: √öltimo n√∫mero jogado pelo utilizador ao executar ...
pdfTeX warning (ext4): destination with the same identifier (name{figure.2.16})
 has been already used, duplicate ignored

\AtBegShi@Output ...ipout \box \AtBeginShipoutBox 
                                                  \fi \fi 
l.291 \item l
             astAttempt: √öltimo n√∫mero jogado pelo utilizador ao executar ...
 <./validateResponse.png> <./runClient1.png>]
<runclient2.png, id=220, 483.8075pt x 222.8325pt>
File: runclient2.png Graphic file (type png)
<use runclient2.png>
Package pdftex.def Info: runclient2.png  used on input line 296.
(pdftex.def)             Requested size: 208.03317pt x 95.8161pt.
<start.png, id=221, 966.61125pt x 400.49625pt>
File: start.png Graphic file (type png)
<use start.png>
Package pdftex.def Info: start.png  used on input line 303.
(pdftex.def)             Requested size: 415.63474pt x 172.21002pt.

Overfull \hbox (70.63474pt too wide) in paragraph at lines 303--304
 [][] 
 []

[13pdfTeX warning (ext4): destination with the same identifier (name{figure.2.1
7}) has been already used, duplicate ignored

\AtBegShi@Output ...ipout \box \AtBeginShipoutBox 
                                                  \fi \fi 
l.309 \item I
             nicia a contagem de jogadas, atribuindo o valor zero √† vari√°v...
pdfTeX warning (ext4): destination with the same identifier (name{figure.2.18})
 has been already used, duplicate ignored

\AtBegShi@Output ...ipout \box \AtBeginShipoutBox 
                                                  \fi \fi 
l.309 \item I
             nicia a contagem de jogadas, atribuindo o valor zero √† vari√°v...
 <./runClient2.png> <./start.png>]
<quit.png, id=230, 522.95375pt x 137.51375pt>
File: quit.png Graphic file (type png)
<use quit.png>
Package pdftex.def Info: quit.png  used on input line 319.
(pdftex.def)             Requested size: 224.86572pt x 59.12975pt.
<quitAction.png, id=231, 719.68875pt x 313.17pt>
File: quitAction.png Graphic file (type png)
<use quitAction.png>
Package pdftex.def Info: quitAction.png  used on input line 325.
(pdftex.def)             Requested size: 309.46013pt x 134.66046pt.

Overfull \hbox (10.46875pt too wide) in paragraph at lines 322--327
\T1/cmr/m/n/10 ente re-cor-rendo ‡ fun-Á„o "quit_action()"e as va-ri·-veis "jo-
ga-das"e "jog-Max"voltam
 []


Overfull \hbox (55.23232pt too wide) in paragraph at lines 330--331
[]\T1/cmr/m/n/10 Depois, a fun-Á„o \T1/cmr/bx/n/10 quit_action \T1/cmr/m/n/10 a
r-ma-zena a res-posta na va-ri·-vel "res-ponse".Seguidamente,
 []

[14pdfTeX warning (ext4): destination with the same identifier (name{figure.2.1
9}) has been already used, duplicate ignored

\AtBegShi@Output ...ipout \box \AtBeginShipoutBox 
                                                  \fi \fi 
l.331 
      pdfTeX warning (ext4): destination with the same identifier (name{figure.
2.20}) has been already used, duplicate ignored

\AtBegShi@Output ...ipout \box \AtBeginShipoutBox 
                                                  \fi \fi 
l.331 
       <./quit.png> <./quitAction.png>]
<guess1.png, id=244, 738.76pt x 619.31375pt>
File: guess1.png Graphic file (type png)
<use guess1.png>
Package pdftex.def Info: guess1.png  used on input line 334.
(pdftex.def)             Requested size: 317.6606pt x 266.29971pt.
<guess2.png, id=245, 796.9775pt x 179.67125pt>
File: guess2.png Graphic file (type png)
<use guess2.png>
Package pdftex.def Info: guess2.png  used on input line 341.
(pdftex.def)             Requested size: 342.69363pt x 77.25711pt.
 [15pdfTeX warning (ext4): destination with the same identifier (name{figure.2.
21}) has been already used, duplicate ignored

\AtBegShi@Output ...ipout \box \AtBeginShipoutBox 
                                                  \fi \fi 
l.345 
      pdfTeX warning (ext4): destination with the same identifier (name{figure.
2.22}) has been already used, duplicate ignored

\AtBegShi@Output ...ipout \box \AtBeginShipoutBox 
                                                  \fi \fi 
l.345 
       <./guess1.png> <./guess2.png>]
<guess3.png, id=255, 774.895pt x 554.07pt>
File: guess3.png Graphic file (type png)
<use guess3.png>
Package pdftex.def Info: guess3.png  used on input line 351.
(pdftex.def)             Requested size: 333.19835pt x 238.24545pt.
<guess4.png, id=256, 960.58875pt x 159.59625pt>
File: guess4.png Graphic file (type png)
<use guess4.png>
Package pdftex.def Info: guess4.png  used on input line 365.
(pdftex.def)             Requested size: 413.0451pt x 68.62503pt.

Overfull \hbox (68.0451pt too wide) in paragraph at lines 365--366
 [][] 
 []

[16pdfTeX warning (ext4): destination with the same identifier (name{figure.2.2
3}) has been already used, duplicate ignored

\AtBegShi@Output ...ipout \box \AtBeginShipoutBox 
                                                  \fi \fi 
l.368 
       <./guess3.png>]
<guess5.png, id=263, 720.6925pt x 142.5325pt>
File: guess5.png Graphic file (type png)
<use guess5.png>
Package pdftex.def Info: guess5.png  used on input line 373.
(pdftex.def)             Requested size: 309.89174pt x 61.28777pt.
<stop.jpeg, id=264, 1612.0225pt x 628.3475pt>
File: stop.jpeg Graphic file (type jpg)
<use stop.jpeg>
Package pdftex.def Info: stop.jpeg  used on input line 381.
(pdftex.def)             Requested size: 322.39879pt x 125.66727pt.
 [17pdfTeX warning (ext4): destination with the same identifier (name{figure.2.
24}) has been already used, duplicate ignored

\AtBegShi@Output ...ipout \box \AtBeginShipoutBox 
                                                  \fi \fi 
l.388 
      pdfTeX warning (ext4): destination with the same identifier (name{figure.
2.25}) has been already used, duplicate ignored

\AtBegShi@Output ...ipout \box \AtBeginShipoutBox 
                                                  \fi \fi 
l.388 
      pdfTeX warning (ext4): destination with the same identifier (name{figure.
2.26}) has been already used, duplicate ignored

\AtBegShi@Output ...ipout \box \AtBeginShipoutBox 
                                                  \fi \fi 
l.388 
       <./guess4.png> <./guess5.png> <./stop.jpeg>]
<encrypt.png, id=274, 567.11874pt x 158.5925pt>
File: encrypt.png Graphic file (type png)
<use encrypt.png>
Package pdftex.def Info: encrypt.png  used on input line 394.
(pdftex.def)             Requested size: 226.84348pt x 63.43585pt.
<chaveCifra.png, id=275, 596.2275pt x 94.3525pt>
File: chaveCifra.png Graphic file (type png)
<use chaveCifra.png>
Package pdftex.def Info: chaveCifra.png  used on input line 402.
(pdftex.def)             Requested size: 238.48677pt x 37.74031pt.
File: encrypt.png Graphic file (type png)
<use encrypt.png>
Package pdftex.def Info: encrypt.png  used on input line 411.
(pdftex.def)             Requested size: 226.84348pt x 63.43585pt.
 [18pdfTeX warning (ext4): destination with the same identifier (name{figure.2.
27}) has been already used, duplicate ignored

\AtBegShi@Output ...ipout \box \AtBeginShipoutBox 
                                                  \fi \fi 
l.414 
      pdfTeX warning (ext4): destination with the same identifier (name{figure.
2.28}) has been already used, duplicate ignored

\AtBegShi@Output ...ipout \box \AtBeginShipoutBox 
                                                  \fi \fi 
l.414 
       <./encrypt.png> <./chaveCifra.png>]
File: chaveCifra.png Graphic file (type png)
<use chaveCifra.png>
Package pdftex.def Info: chaveCifra.png  used on input line 420.
(pdftex.def)             Requested size: 238.48677pt x 37.74031pt.
<main1.png, id=288, 989.6975pt x 553.06625pt>
File: main1.png Graphic file (type png)
<use main1.png>
Package pdftex.def Info: main1.png  used on input line 439.
(pdftex.def)             Requested size: 395.87198pt x 221.22258pt.

Overfull \hbox (50.87198pt too wide) in paragraph at lines 439--440
 [][] 
 []

[19pdfTeX warning (ext4): destination with the same identifier (name{figure.2.2
9}) has been already used, duplicate ignored

\AtBegShi@Output ...ipout \box \AtBeginShipoutBox 
                                                  \fi \fi 
l.442 
      pdfTeX warning (ext4): destination with the same identifier (name{figure.
2.30}) has been already used, duplicate ignored

\AtBegShi@Output ...ipout \box \AtBeginShipoutBox 
                                                  \fi \fi 
l.442 
      ]
<main2.png, id=299, 894.34125pt x 246.9225pt>
File: main2.png Graphic file (type png)
<use main2.png>
Package pdftex.def Info: main2.png  used on input line 452.
(pdftex.def)             Requested size: 357.73016pt x 98.76724pt.

Overfull \hbox (12.73016pt too wide) in paragraph at lines 452--453
 [][] 
 []

[20pdfTeX warning (ext4): destination with the same identifier (name{figure.2.3
1}) has been already used, duplicate ignored

\AtBegShi@Output ...ipout \box \AtBeginShipoutBox 
                                                  \fi \fi 
l.455 A
       qui √© verificado para cada elemento do array se s√£o n√∫meros inteir...
 <./main1.png>]
<main3.png, id=306, 425.59pt x 180.675pt>
File: main3.png Graphic file (type png)
<use main3.png>
Package pdftex.def Info: main3.png  used on input line 459.
(pdftex.def)             Requested size: 170.23297pt x 72.2687pt.
 [21pdfTeX warning (ext4): destination with the same identifier (name{figure.2.
32}) has been already used, duplicate ignored

\AtBegShi@Output ...ipout \box \AtBeginShipoutBox 
                                                  \fi \fi 
l.465 \chapter
              {Resultados}pdfTeX warning (ext4): destination with the same iden
tifier (name{figure.2.33}) has been already used, duplicate ignored

\AtBegShi@Output ...ipout \box \AtBeginShipoutBox 
                                                  \fi \fi 
l.465 \chapter
              {Resultados} <./main2.png> <./main3.png>]
Cap\'{\i }tulo 3.
[22

]
Cap\'{\i }tulo 4.
[23

]
Cap\'{\i }tulo 5.
[24

]
Package atveryend Info: Empty hook `BeforeClearDocument' on input line 476.
 [25

]
Package atveryend Info: Empty hook `AfterLastShipout' on input line 476.
 (./documento.aux)
Package atveryend Info: Executing hook `AtVeryEndDocument' on input line 476.
Package atveryend Info: Executing hook `AtEndAfterFileList' on input line 476.
Package rerunfilecheck Info: File `documento.out' has not changed.
(rerunfilecheck)             Checksum: 5782A2E0A05B8EC4E20E8E3C37A0C773;849.
Package logreq Info: Writing requests to 'documento.run.xml'.
\openout1 = `documento.run.xml'.

 ) 
Here is how much of TeX's memory you used:
 14438 strings out of 483122
 246292 string characters out of 5964496
 908833 words of memory out of 5000000
 29164 multiletter control sequences out of 15000+600000
 543895 words of font info for 45 fonts, out of 8000000 for 9000
 38 hyphenation exceptions out of 8191
 40i,7n,33p,979b,1653s stack positions out of 5000i,500n,10000p,200000b,80000s
 </home/patricia/.texlive2019/texmf-var/fonts/pk/ljfour/jknappen/ec/tcrm1000.
600pk> </home/patricia/.texlive2019/texmf-var/fonts/pk/ljfour/jknappen/ec/ecbx1
200.600pk> </home/patricia/.texlive2019/texmf-var/fonts/pk/ljfour/jknappen/ec/e
cbx1440.600pk> </home/patricia/.texlive2019/texmf-var/fonts/pk/ljfour/jknappen/
ec/ecbx2074.600pk> </home/patricia/.texlive2019/texmf-var/fonts/pk/ljfour/jknap
pen/ec/ecbx1000.600pk> </home/patricia/.texlive2019/texmf-var/fonts/pk/ljfour/j
knappen/ec/ecrm1200.600pk> </home/patricia/.texlive2019/texmf-var/fonts/pk/ljfo
ur/jknappen/ec/ecbx2488.600pk> </home/patricia/.texlive2019/texmf-var/fonts/pk/
ljfour/jknappen/ec/ecrm1000.600pk> </home/patricia/.texlive2019/texmf-var/fonts
/pk/ljfour/jknappen/ec/ecrm1728.600pk> </home/patricia/.texlive2019/texmf-var/f
onts/pk/ljfour/jknappen/ec/ecrm1440.600pk> </home/patricia/.texlive2019/texmf-v
ar/fonts/pk/ljfour/jknappen/ec/ecrm2488.600pk>
Output written on documento.pdf (29 pages, 1382526 bytes).
PDF statistics:
 709 PDF objects out of 1000 (max. 8388607)
 298 compressed objects within 3 object streams
 104 named destinations out of 1000 (max. 500000)
 273 words of extra memory for PDF output out of 10000 (max. 10000000)

